0 info it worked if it ends with ok
1 verbose cli [ '/usr/local/bin/node', '/usr/local/bin/npm', 'install', '-g', 'npm' ]
2 info using npm@3.10.10
3 info using node@v12.18.3
4 silly loadCurrentTree Starting
5 silly install loadCurrentTree
6 silly install readGlobalPackageData
7 silly fetchPackageMetaData npm
8 silly fetchNamedPackageData npm
9 silly mapToRegistry name npm
10 silly mapToRegistry using default registry
11 silly mapToRegistry registry https://registry.npmjs.org/
12 silly mapToRegistry data Result {
12 silly mapToRegistry   raw: 'npm',
12 silly mapToRegistry   scope: null,
12 silly mapToRegistry   escapedName: 'npm',
12 silly mapToRegistry   name: 'npm',
12 silly mapToRegistry   rawSpec: '',
12 silly mapToRegistry   spec: 'latest',
12 silly mapToRegistry   type: 'tag'
12 silly mapToRegistry }
13 silly mapToRegistry uri https://registry.npmjs.org/npm
14 verbose request uri https://registry.npmjs.org/npm
15 verbose request no auth needed
16 info attempt registry request try #1 at 3:26:16 PM
17 verbose request id fe145d371ba1ef6d
18 http request GET https://registry.npmjs.org/npm
19 http 200 https://registry.npmjs.org/npm
20 verbose headers {
20 verbose headers   date: 'Tue, 22 Dec 2020 23:26:16 GMT',
20 verbose headers   'content-type': 'application/json',
20 verbose headers   'transfer-encoding': 'chunked',
20 verbose headers   connection: 'keep-alive',
20 verbose headers   'set-cookie': [
20 verbose headers     '__cfduid=d936dfc1640a2b9cd15b5320838b0382b1608679576; expires=Thu, 21-Jan-21 23:26:16 GMT; path=/; domain=.npmjs.org; HttpOnly; SameSite=Lax'
20 verbose headers   ],
20 verbose headers   'cf-ray': '605d9b599c6436dd-LAX',
20 verbose headers   age: '7147',
20 verbose headers   'cache-control': 'public, max-age=300',
20 verbose headers   etag: 'W/"5e1f554073612714fe7a54f8dbf70812"',
20 verbose headers   'last-modified': 'Fri, 18 Dec 2020 20:34:32 GMT',
20 verbose headers   vary: 'accept-encoding, accept',
20 verbose headers   'cf-cache-status': 'HIT',
20 verbose headers   'cf-request-id': '072e5f6bfd000036dd9c27c000000001',
20 verbose headers   'expect-ct': 'max-age=604800, report-uri="https://report-uri.cloudflare.com/cdn-cgi/beacon/expect-ct"',
20 verbose headers   server: 'cloudflare',
20 verbose headers   'content-encoding': 'gzip'
20 verbose headers }
21 silly get cb [
21 silly get   200,
21 silly get   {
21 silly get     date: 'Tue, 22 Dec 2020 23:26:16 GMT',
21 silly get     'content-type': 'application/json',
21 silly get     'transfer-encoding': 'chunked',
21 silly get     connection: 'keep-alive',
21 silly get     'set-cookie': [
21 silly get       '__cfduid=d936dfc1640a2b9cd15b5320838b0382b1608679576; expires=Thu, 21-Jan-21 23:26:16 GMT; path=/; domain=.npmjs.org; HttpOnly; SameSite=Lax'
21 silly get     ],
21 silly get     'cf-ray': '605d9b599c6436dd-LAX',
21 silly get     age: '7147',
21 silly get     'cache-control': 'public, max-age=300',
21 silly get     etag: 'W/"5e1f554073612714fe7a54f8dbf70812"',
21 silly get     'last-modified': 'Fri, 18 Dec 2020 20:34:32 GMT',
21 silly get     vary: 'accept-encoding, accept',
21 silly get     'cf-cache-status': 'HIT',
21 silly get     'cf-request-id': '072e5f6bfd000036dd9c27c000000001',
21 silly get     'expect-ct': 'max-age=604800, report-uri="https://report-uri.cloudflare.com/cdn-cgi/beacon/expect-ct"',
21 silly get     server: 'cloudflare',
21 silly get     'content-encoding': 'gzip'
21 silly get   }
21 silly get ]
22 verbose get saving npm to /Users/Lam/.npm/registry.npmjs.org/npm/.cache.json
23 verbose correctMkdir /Users/Lam/.npm correctMkdir not in flight; initializing
24 verbose stack TypeError: cb.apply is not a function
24 verbose stack     at /usr/local/lib/node_modules/npm/node_modules/graceful-fs/polyfills.js:267:18
24 verbose stack     at FSReqCallback.oncomplete (fs.js:169:5)
25 verbose cwd /Users/Lam/Desktop/datocms-beginner-s-luck-for-everyone
26 error Darwin 19.6.0
27 error argv "/usr/local/bin/node" "/usr/local/bin/npm" "install" "-g" "npm"
28 error node v12.18.3
29 error npm  v3.10.10
30 error cb.apply is not a function
31 error If you need help, you may report this error at:
31 error     <https://github.com/npm/npm/issues>
32 verbose exit [ 1, true ]
